<?xml version="1.0" encoding="UTF-8"?>
<!-- Generated by org.testng.reporters.JUnitReportReporter -->
<testsuite hostname="DESKTOP-D3NJUQ1" failures="0" tests="1" name="TrialVersion.TrialVersion.BrowserTesting" time="28.150" errors="0" timestamp="2024-12-03T19:49:25 IST" skipped="0">
  <testcase classname="TrialVersion.TrialVersion.BrowserTesting" name="setup" time="28.150"/>
</testsuite> <!-- TrialVersion.TrialVersion.BrowserTesting -->
